<?xml version="1.0" encoding="UTF-8"?>
<coverage generated="1733815460177" clover="3.2.0">
  <project timestamp="1733815460178" name="All files">
    <metrics statements="11" coveredstatements="11" conditionals="2" coveredconditionals="2" methods="5" coveredmethods="5" elements="18" coveredelements="18" complexity="0" loc="11" ncloc="11" packages="1" files="3" classes="3"/>
    <file name="App.js" path="/home/ashish/my-react-app/src/App.js">
      <metrics statements="9" coveredstatements="9" conditionals="2" coveredconditionals="2" methods="4" coveredmethods="4"/>
      <line num="5" count="8" type="stmt"/>
      <line num="6" count="8" type="stmt"/>
      <line num="8" count="8" type="stmt"/>
      <line num="9" count="3" type="cond" truecount="2" falsecount="0"/>
      <line num="10" count="2" type="stmt"/>
      <line num="11" count="2" type="stmt"/>
      <line num="15" count="8" type="stmt"/>
      <line num="21" count="2" type="stmt"/>
      <line num="27" count="2" type="stmt"/>
    </file>
    <file name="Button.jsx" path="/home/ashish/my-react-app/src/Button.jsx">
      <metrics statements="2" coveredstatements="2" conditionals="0" coveredconditionals="0" methods="1" coveredmethods="1"/>
      <line num="3" count="1" type="stmt"/>
      <line num="4" count="2" type="stmt"/>
    </file>
    <file name="index.js" path="/home/ashish/my-react-app/src/index.js">
      <metrics statements="0" coveredstatements="0" conditionals="0" coveredconditionals="0" methods="0" coveredmethods="0"/>
    </file>
  </project>
</coverage>
